<?xml version="1.0" encoding="UTF-8" ?>
<testsuite failures="0" time="56.739" errors="0" skipped="1" tests="5" name="com.crawljax.crawljax_plugins_plugin.SampleCrawlersTest">
  <properties>
[...]
</properties>
  <testcase time="25.141" classname="com.crawljax.crawljax_plugins_plugin.SampleCrawlersTest" name="testInputCrawler"/>
  <testcase time="25.166" classname="com.crawljax.crawljax_plugins_plugin.SampleCrawlersTest" name="testHiddenElementsSiteCrawl">
    <skipped/>
  </testcase>
  <testcase time="4.936" classname="com.crawljax.crawljax_plugins_plugin.SampleCrawlersTest" name="testSimpleXPathCrawl"/>
  <testcase time="16.694" classname="com.crawljax.crawljax_plugins_plugin.SampleCrawlersTest" name="testJSCrawler"/>
  <testcase time="9.871" classname="com.crawljax.crawljax_plugins_plugin.SampleCrawlersTest" name="testSimpleCrawler"/>
</testsuite>